<?xml version="1.0" encoding="UTF-8"?>
<robot generator="Robot 3.2.2 (Python 3.8.5 on win32)" generated="20201025 22:23:50.046" rpa="false">
<suite id="s1" name="Amazon" source="D:\robotframework\development\amazon\tests\Amazon.robot">
<test id="s1-t1" name="User should be able to login to the Jobseeker Portal">
<kw name="Open Browser" library="SeleniumLibrary">
<doc>Opens a new browser instance to the optional ``url``.</doc>
<arguments>
<arg>https://www.amazon.in</arg>
<arg>chrome</arg>
</arguments>
<msg timestamp="20201025 22:23:50.518" level="INFO">Opening browser 'chrome' to base url 'https://www.amazon.in'.</msg>
<status status="PASS" starttime="20201025 22:23:50.518" endtime="20201025 22:24:00.358"></status>
</kw>
<kw name="Sleep" library="BuiltIn">
<doc>Pauses the test executed for the given time.</doc>
<arguments>
<arg>5s</arg>
</arguments>
<msg timestamp="20201025 22:24:05.388" level="INFO">Slept 5 seconds</msg>
<status status="PASS" starttime="20201025 22:24:00.366" endtime="20201025 22:24:05.388"></status>
</kw>
<kw name="Input Text" library="SeleniumLibrary">
<doc>Types the given ``text`` into the text field identified by ``locator``.</doc>
<arguments>
<arg>id=twotabsearchtextbox</arg>
<arg>iphone 11</arg>
</arguments>
<msg timestamp="20201025 22:24:05.390" level="INFO">Typing text 'iphone 11' into text field 'id=twotabsearchtextbox'.</msg>
<status status="PASS" starttime="20201025 22:24:05.390" endtime="20201025 22:24:05.678"></status>
</kw>
<kw name="Sleep" library="BuiltIn">
<doc>Pauses the test executed for the given time.</doc>
<arguments>
<arg>3s</arg>
</arguments>
<msg timestamp="20201025 22:24:08.690" level="INFO">Slept 3 seconds</msg>
<status status="PASS" starttime="20201025 22:24:05.686" endtime="20201025 22:24:08.690"></status>
</kw>
<kw name="Click Button" library="SeleniumLibrary">
<doc>Clicks the button identified by ``locator``.</doc>
<arguments>
<arg>css=#nav-search-submit-text &gt; input</arg>
</arguments>
<msg timestamp="20201025 22:24:08.690" level="INFO">Clicking button 'css=#nav-search-submit-text &gt; input'.</msg>
<status status="PASS" starttime="20201025 22:24:08.690" endtime="20201025 22:24:11.323"></status>
</kw>
<kw name="Close Browser" library="SeleniumLibrary">
<doc>Closes the current browser.</doc>
<status status="PASS" starttime="20201025 22:24:11.323" endtime="20201025 22:24:13.793"></status>
</kw>
<doc>Test case description</doc>
<tags>
<tag>Smoke</tag>
</tags>
<status status="PASS" starttime="20201025 22:23:50.518" endtime="20201025 22:24:13.793" critical="yes"></status>
</test>
<doc>This is some basic information about the suite</doc>
<status status="PASS" starttime="20201025 22:23:50.062" endtime="20201025 22:24:13.793"></status>
</suite>
<statistics>
<total>
<stat pass="1" fail="0">Critical Tests</stat>
<stat pass="1" fail="0">All Tests</stat>
</total>
<tag>
<stat pass="1" fail="0">Smoke</stat>
</tag>
<suite>
<stat pass="1" fail="0" id="s1" name="Amazon">Amazon</stat>
</suite>
</statistics>
<errors>
</errors>
</robot>
